{"/Users/juliaalencar/Documents/Documents/Code/lfa_lap_2/project-week-2/FlorinCouncil/server.js": {"path":"/Users/juliaalencar/Documents/Documents/Code/lfa_lap_2/project-week-2/FlorinCouncil/server.js","statementMap":{"0":{"start":{"line":2,"column":0},"end":{"line":2,"column":27}},"1":{"start":{"line":4,"column":16},"end":{"line":4,"column":34}},"2":{"start":{"line":5,"column":11},"end":{"line":5,"column":45}},"3":{"start":{"line":6,"column":19},"end":{"line":6,"column":52}},"4":{"start":{"line":7,"column":21},"end":{"line":7,"column":56}},"5":{"start":{"line":9,"column":16},"end":{"line":9,"column":42}},"6":{"start":{"line":10,"column":14},"end":{"line":10,"column":38}},"7":{"start":{"line":13,"column":13},"end":{"line":13,"column":37}},"8":{"start":{"line":16,"column":12},"end":{"line":16,"column":21}},"9":{"start":{"line":18,"column":0},"end":{"line":18,"column":47}},"10":{"start":{"line":21,"column":0},"end":{"line":21,"column":30}},"11":{"start":{"line":22,"column":0},"end":{"line":22,"column":47}},"12":{"start":{"line":23,"column":0},"end":{"line":23,"column":24}},"13":{"start":{"line":26,"column":0},"end":{"line":30,"column":4}},"14":{"start":{"line":32,"column":0},"end":{"line":32,"column":17}},"15":{"start":{"line":36,"column":0},"end":{"line":38,"column":3}},"16":{"start":{"line":37,"column":4},"end":{"line":37,"column":51}},"17":{"start":{"line":42,"column":0},"end":{"line":44,"column":3}},"18":{"start":{"line":43,"column":4},"end":{"line":43,"column":24}},"19":{"start":{"line":48,"column":0},"end":{"line":48,"column":30}},"20":{"start":{"line":51,"column":0},"end":{"line":51,"column":34}},"21":{"start":{"line":53,"column":0},"end":{"line":53,"column":21}}},"fnMap":{"0":{"name":"(anonymous_0)","decl":{"start":{"line":36,"column":17},"end":{"line":36,"column":18}},"loc":{"start":{"line":36,"column":23},"end":{"line":38,"column":1}},"line":36},"1":{"name":"(anonymous_1)","decl":{"start":{"line":42,"column":13},"end":{"line":42,"column":14}},"loc":{"start":{"line":42,"column":27},"end":{"line":44,"column":1}},"line":42}},"branchMap":{"0":{"loc":{"start":{"line":13,"column":13},"end":{"line":13,"column":37}},"type":"binary-expr","locations":[{"start":{"line":13,"column":13},"end":{"line":13,"column":29}},{"start":{"line":13,"column":33},"end":{"line":13,"column":37}}],"line":13}},"s":{"0":1,"1":1,"2":1,"3":1,"4":1,"5":1,"6":1,"7":1,"8":1,"9":1,"10":1,"11":1,"12":1,"13":1,"14":1,"15":1,"16":1,"17":1,"18":0,"19":1,"20":1,"21":1},"f":{"0":1,"1":0},"b":{"0":[1,0]},"_coverageSchema":"1a1c01bbd47fc00a2c39e90264f33305004495a9","hash":"6f57dd473925ac3708a82c44f4a33db04cd65a2b"}
,"/Users/juliaalencar/Documents/Documents/Code/lfa_lap_2/project-week-2/FlorinCouncil/controllers/libraryController.js": {"path":"/Users/juliaalencar/Documents/Documents/Code/lfa_lap_2/project-week-2/FlorinCouncil/controllers/libraryController.js","statementMap":{"0":{"start":{"line":1,"column":20},"end":{"line":1,"column":48}},"1":{"start":{"line":2,"column":20},"end":{"line":2,"column":48}},"2":{"start":{"line":5,"column":4},"end":{"line":11,"column":5}},"3":{"start":{"line":6,"column":22},"end":{"line":6,"column":49}},"4":{"start":{"line":8,"column":8},"end":{"line":8,"column":35}},"5":{"start":{"line":10,"column":8},"end":{"line":10,"column":54}},"6":{"start":{"line":15,"column":4},"end":{"line":20,"column":5}},"7":{"start":{"line":16,"column":21},"end":{"line":16,"column":73}},"8":{"start":{"line":17,"column":8},"end":{"line":17,"column":34}},"9":{"start":{"line":19,"column":8},"end":{"line":19,"column":54}},"10":{"start":{"line":24,"column":4},"end":{"line":31,"column":5}},"11":{"start":{"line":25,"column":21},"end":{"line":25,"column":39}},"12":{"start":{"line":26,"column":22},"end":{"line":26,"column":65}},"13":{"start":{"line":28,"column":8},"end":{"line":28,"column":35}},"14":{"start":{"line":30,"column":8},"end":{"line":30,"column":54}},"15":{"start":{"line":35,"column":4},"end":{"line":40,"column":5}},"16":{"start":{"line":36,"column":21},"end":{"line":36,"column":55}},"17":{"start":{"line":37,"column":8},"end":{"line":37,"column":47}},"18":{"start":{"line":39,"column":8},"end":{"line":39,"column":54}},"19":{"start":{"line":44,"column":4},"end":{"line":49,"column":5}},"20":{"start":{"line":45,"column":21},"end":{"line":45,"column":75}},"21":{"start":{"line":46,"column":8},"end":{"line":46,"column":47}},"22":{"start":{"line":48,"column":8},"end":{"line":48,"column":54}},"23":{"start":{"line":52,"column":0},"end":{"line":58,"column":2}}},"fnMap":{"0":{"name":"index","decl":{"start":{"line":4,"column":15},"end":{"line":4,"column":20}},"loc":{"start":{"line":4,"column":31},"end":{"line":12,"column":1}},"line":4},"1":{"name":"show","decl":{"start":{"line":14,"column":15},"end":{"line":14,"column":19}},"loc":{"start":{"line":14,"column":30},"end":{"line":21,"column":1}},"line":14},"2":{"name":"showUserBooks","decl":{"start":{"line":23,"column":15},"end":{"line":23,"column":28}},"loc":{"start":{"line":23,"column":39},"end":{"line":32,"column":1}},"line":23},"3":{"name":"create","decl":{"start":{"line":34,"column":15},"end":{"line":34,"column":21}},"loc":{"start":{"line":34,"column":32},"end":{"line":41,"column":1}},"line":34},"4":{"name":"update","decl":{"start":{"line":43,"column":15},"end":{"line":43,"column":21}},"loc":{"start":{"line":43,"column":32},"end":{"line":50,"column":1}},"line":43}},"branchMap":{},"s":{"0":1,"1":1,"2":3,"3":3,"4":3,"5":0,"6":0,"7":0,"8":0,"9":0,"10":0,"11":0,"12":0,"13":0,"14":0,"15":0,"16":0,"17":0,"18":0,"19":0,"20":0,"21":0,"22":0,"23":1},"f":{"0":3,"1":0,"2":0,"3":0,"4":0},"b":{},"_coverageSchema":"1a1c01bbd47fc00a2c39e90264f33305004495a9","hash":"4d58fd868f4a89d83c44773c3f237b4aa3dc4e29"}
,"/Users/juliaalencar/Documents/Documents/Code/lfa_lap_2/project-week-2/FlorinCouncil/controllers/usersController.js": {"path":"/Users/juliaalencar/Documents/Documents/Code/lfa_lap_2/project-week-2/FlorinCouncil/controllers/usersController.js","statementMap":{"0":{"start":{"line":2,"column":15},"end":{"line":2,"column":32}},"1":{"start":{"line":3,"column":13},"end":{"line":3,"column":41}},"2":{"start":{"line":6,"column":4},"end":{"line":6,"column":27}},"3":{"start":{"line":10,"column":4},"end":{"line":10,"column":24}},"4":{"start":{"line":14,"column":4},"end":{"line":14,"column":44}},"5":{"start":{"line":18,"column":80},"end":{"line":18,"column":88}},"6":{"start":{"line":21,"column":17},"end":{"line":21,"column":19}},"7":{"start":{"line":23,"column":4},"end":{"line":25,"column":5}},"8":{"start":{"line":24,"column":8},"end":{"line":24,"column":60}},"9":{"start":{"line":27,"column":4},"end":{"line":29,"column":5}},"10":{"start":{"line":28,"column":8},"end":{"line":28,"column":77}},"11":{"start":{"line":31,"column":4},"end":{"line":33,"column":5}},"12":{"start":{"line":32,"column":8},"end":{"line":32,"column":59}},"13":{"start":{"line":35,"column":4},"end":{"line":49,"column":5}},"14":{"start":{"line":36,"column":8},"end":{"line":36,"column":43}},"15":{"start":{"line":38,"column":26},"end":{"line":38,"column":59}},"16":{"start":{"line":39,"column":8},"end":{"line":48,"column":9}},"17":{"start":{"line":40,"column":12},"end":{"line":40,"column":63}},"18":{"start":{"line":41,"column":12},"end":{"line":41,"column":47}},"19":{"start":{"line":43,"column":35},"end":{"line":43,"column":66}},"20":{"start":{"line":44,"column":28},"end":{"line":44,"column":90}},"21":{"start":{"line":45,"column":27},"end":{"line":45,"column":53}},"22":{"start":{"line":46,"column":12},"end":{"line":46,"column":65}},"23":{"start":{"line":47,"column":12},"end":{"line":47,"column":41}},"24":{"start":{"line":58,"column":0},"end":{"line":64,"column":1}}},"fnMap":{"0":{"name":"loadRegister","decl":{"start":{"line":5,"column":9},"end":{"line":5,"column":21}},"loc":{"start":{"line":5,"column":32},"end":{"line":7,"column":1}},"line":5},"1":{"name":"loadLogin","decl":{"start":{"line":9,"column":9},"end":{"line":9,"column":18}},"loc":{"start":{"line":9,"column":29},"end":{"line":11,"column":1}},"line":9},"2":{"name":"loadDashboard","decl":{"start":{"line":13,"column":9},"end":{"line":13,"column":22}},"loc":{"start":{"line":13,"column":33},"end":{"line":15,"column":1}},"line":13},"3":{"name":"registerUser","decl":{"start":{"line":17,"column":15},"end":{"line":17,"column":27}},"loc":{"start":{"line":17,"column":38},"end":{"line":50,"column":1}},"line":17},"4":{"name":"loginUser","decl":{"start":{"line":52,"column":15},"end":{"line":52,"column":24}},"loc":{"start":{"line":52,"column":35},"end":{"line":54,"column":1}},"line":52}},"branchMap":{"0":{"loc":{"start":{"line":23,"column":4},"end":{"line":25,"column":5}},"type":"if","locations":[{"start":{"line":23,"column":4},"end":{"line":25,"column":5}},{"start":{},"end":{}}],"line":23},"1":{"loc":{"start":{"line":23,"column":7},"end":{"line":23,"column":92}},"type":"binary-expr","locations":[{"start":{"line":23,"column":7},"end":{"line":23,"column":16}},{"start":{"line":23,"column":20},"end":{"line":23,"column":25}},{"start":{"line":23,"column":29},"end":{"line":23,"column":35}},{"start":{"line":23,"column":39},"end":{"line":23,"column":47}},{"start":{"line":23,"column":51},"end":{"line":23,"column":57}},{"start":{"line":23,"column":61},"end":{"line":23,"column":65}},{"start":{"line":23,"column":69},"end":{"line":23,"column":78}},{"start":{"line":23,"column":82},"end":{"line":23,"column":92}}],"line":23},"2":{"loc":{"start":{"line":27,"column":4},"end":{"line":29,"column":5}},"type":"if","locations":[{"start":{"line":27,"column":4},"end":{"line":29,"column":5}},{"start":{},"end":{}}],"line":27},"3":{"loc":{"start":{"line":31,"column":4},"end":{"line":33,"column":5}},"type":"if","locations":[{"start":{"line":31,"column":4},"end":{"line":33,"column":5}},{"start":{},"end":{}}],"line":31},"4":{"loc":{"start":{"line":35,"column":4},"end":{"line":49,"column":5}},"type":"if","locations":[{"start":{"line":35,"column":4},"end":{"line":49,"column":5}},{"start":{"line":37,"column":11},"end":{"line":49,"column":5}}],"line":35},"5":{"loc":{"start":{"line":39,"column":8},"end":{"line":48,"column":9}},"type":"if","locations":[{"start":{"line":39,"column":8},"end":{"line":48,"column":9}},{"start":{"line":42,"column":15},"end":{"line":48,"column":9}}],"line":39}},"s":{"0":1,"1":1,"2":0,"3":0,"4":0,"5":0,"6":0,"7":0,"8":0,"9":0,"10":0,"11":0,"12":0,"13":0,"14":0,"15":0,"16":0,"17":0,"18":0,"19":0,"20":0,"21":0,"22":0,"23":0,"24":1},"f":{"0":0,"1":0,"2":0,"3":0,"4":0},"b":{"0":[0,0],"1":[0,0,0,0,0,0,0,0],"2":[0,0],"3":[0,0],"4":[0,0],"5":[0,0]},"_coverageSchema":"1a1c01bbd47fc00a2c39e90264f33305004495a9","hash":"01457a95cf60b9485a73a8d957113712381d745b"}
,"/Users/juliaalencar/Documents/Documents/Code/lfa_lap_2/project-week-2/FlorinCouncil/database/dbConnect.js": {"path":"/Users/juliaalencar/Documents/Documents/Code/lfa_lap_2/project-week-2/FlorinCouncil/database/dbConnect.js","statementMap":{"0":{"start":{"line":1,"column":17},"end":{"line":1,"column":30}},"1":{"start":{"line":3,"column":11},"end":{"line":5,"column":2}},"2":{"start":{"line":7,"column":0},"end":{"line":7,"column":20}}},"fnMap":{},"branchMap":{},"s":{"0":1,"1":1,"2":1},"f":{},"b":{},"_coverageSchema":"1a1c01bbd47fc00a2c39e90264f33305004495a9","hash":"b28df10af95646c7165c2b29a95185a051d87416"}
,"/Users/juliaalencar/Documents/Documents/Code/lfa_lap_2/project-week-2/FlorinCouncil/models/Book.js": {"path":"/Users/juliaalencar/Documents/Documents/Code/lfa_lap_2/project-week-2/FlorinCouncil/models/Book.js","statementMap":{"0":{"start":{"line":1,"column":11},"end":{"line":1,"column":46}},"1":{"start":{"line":5,"column":8},"end":{"line":5,"column":20}},"2":{"start":{"line":6,"column":8},"end":{"line":6,"column":26}},"3":{"start":{"line":7,"column":8},"end":{"line":7,"column":28}},"4":{"start":{"line":8,"column":8},"end":{"line":8,"column":24}},"5":{"start":{"line":15,"column":8},"end":{"line":15,"column":83}},"6":{"start":{"line":15,"column":40},"end":{"line":15,"column":81}},"7":{"start":{"line":19,"column":22},"end":{"line":23,"column":10}},"8":{"start":{"line":24,"column":8},"end":{"line":24,"column":44}},"9":{"start":{"line":28,"column":21},"end":{"line":32,"column":13}},"10":{"start":{"line":33,"column":8},"end":{"line":33,"column":43}},"11":{"start":{"line":37,"column":0},"end":{"line":37,"column":29}}},"fnMap":{"0":{"name":"(anonymous_0)","decl":{"start":{"line":4,"column":4},"end":{"line":4,"column":5}},"loc":{"start":{"line":4,"column":41},"end":{"line":9,"column":5}},"line":4},"1":{"name":"(anonymous_1)","decl":{"start":{"line":14,"column":4},"end":{"line":14,"column":5}},"loc":{"start":{"line":14,"column":34},"end":{"line":16,"column":5}},"line":14},"2":{"name":"(anonymous_2)","decl":{"start":{"line":15,"column":35},"end":{"line":15,"column":36}},"loc":{"start":{"line":15,"column":40},"end":{"line":15,"column":81}},"line":15},"3":{"name":"(anonymous_3)","decl":{"start":{"line":18,"column":4},"end":{"line":18,"column":5}},"loc":{"start":{"line":18,"column":27},"end":{"line":25,"column":5}},"line":18},"4":{"name":"(anonymous_4)","decl":{"start":{"line":27,"column":4},"end":{"line":27,"column":5}},"loc":{"start":{"line":27,"column":26},"end":{"line":34,"column":5}},"line":27}},"branchMap":{},"s":{"0":1,"1":3,"2":3,"3":3,"4":3,"5":3,"6":3,"7":3,"8":3,"9":0,"10":0,"11":1},"f":{"0":3,"1":3,"2":3,"3":3,"4":0},"b":{},"_coverageSchema":"1a1c01bbd47fc00a2c39e90264f33305004495a9","hash":"2e7a94c23f16482cf7d43ec63920f1ae9b8edfbb"}
,"/Users/juliaalencar/Documents/Documents/Code/lfa_lap_2/project-week-2/FlorinCouncil/models/Loan.js": {"path":"/Users/juliaalencar/Documents/Documents/Code/lfa_lap_2/project-week-2/FlorinCouncil/models/Loan.js","statementMap":{"0":{"start":{"line":1,"column":11},"end":{"line":1,"column":46}},"1":{"start":{"line":5,"column":8},"end":{"line":5,"column":20}},"2":{"start":{"line":6,"column":8},"end":{"line":6,"column":30}},"3":{"start":{"line":7,"column":8},"end":{"line":7,"column":30}},"4":{"start":{"line":8,"column":8},"end":{"line":8,"column":24}},"5":{"start":{"line":9,"column":8},"end":{"line":9,"column":32}},"6":{"start":{"line":15,"column":8},"end":{"line":15,"column":97}},"7":{"start":{"line":15,"column":40},"end":{"line":15,"column":96}},"8":{"start":{"line":19,"column":22},"end":{"line":23,"column":18}},"9":{"start":{"line":24,"column":8},"end":{"line":24,"column":44}},"10":{"start":{"line":28,"column":21},"end":{"line":32,"column":48}},"11":{"start":{"line":33,"column":8},"end":{"line":33,"column":43}},"12":{"start":{"line":37,"column":21},"end":{"line":42,"column":19}},"13":{"start":{"line":43,"column":8},"end":{"line":43,"column":43}},"14":{"start":{"line":47,"column":0},"end":{"line":47,"column":29}}},"fnMap":{"0":{"name":"(anonymous_0)","decl":{"start":{"line":4,"column":4},"end":{"line":4,"column":5}},"loc":{"start":{"line":4,"column":54},"end":{"line":10,"column":5}},"line":4},"1":{"name":"(anonymous_1)","decl":{"start":{"line":14,"column":4},"end":{"line":14,"column":5}},"loc":{"start":{"line":14,"column":34},"end":{"line":16,"column":5}},"line":14},"2":{"name":"(anonymous_2)","decl":{"start":{"line":15,"column":35},"end":{"line":15,"column":36}},"loc":{"start":{"line":15,"column":40},"end":{"line":15,"column":96}},"line":15},"3":{"name":"(anonymous_3)","decl":{"start":{"line":18,"column":4},"end":{"line":18,"column":5}},"loc":{"start":{"line":18,"column":34},"end":{"line":25,"column":5}},"line":18},"4":{"name":"(anonymous_4)","decl":{"start":{"line":27,"column":4},"end":{"line":27,"column":5}},"loc":{"start":{"line":27,"column":30},"end":{"line":34,"column":5}},"line":27},"5":{"name":"(anonymous_5)","decl":{"start":{"line":36,"column":4},"end":{"line":36,"column":5}},"loc":{"start":{"line":36,"column":28},"end":{"line":44,"column":5}},"line":36}},"branchMap":{},"s":{"0":1,"1":0,"2":0,"3":0,"4":0,"5":0,"6":0,"7":0,"8":0,"9":0,"10":0,"11":0,"12":0,"13":0,"14":1},"f":{"0":0,"1":0,"2":0,"3":0,"4":0,"5":0},"b":{},"_coverageSchema":"1a1c01bbd47fc00a2c39e90264f33305004495a9","hash":"c0b7dde0ee258e03177900ec390aed1316961324"}
,"/Users/juliaalencar/Documents/Documents/Code/lfa_lap_2/project-week-2/FlorinCouncil/models/User.js": {"path":"/Users/juliaalencar/Documents/Documents/Code/lfa_lap_2/project-week-2/FlorinCouncil/models/User.js","statementMap":{"0":{"start":{"line":1,"column":11},"end":{"line":1,"column":46}},"1":{"start":{"line":5,"column":8},"end":{"line":5,"column":26}},"2":{"start":{"line":6,"column":8},"end":{"line":6,"column":38}},"3":{"start":{"line":7,"column":8},"end":{"line":7,"column":30}},"4":{"start":{"line":8,"column":8},"end":{"line":8,"column":32}},"5":{"start":{"line":9,"column":8},"end":{"line":9,"column":38}},"6":{"start":{"line":10,"column":8},"end":{"line":10,"column":36}},"7":{"start":{"line":11,"column":8},"end":{"line":11,"column":46}},"8":{"start":{"line":12,"column":8},"end":{"line":12,"column":48}},"9":{"start":{"line":16,"column":23},"end":{"line":16,"column":87}},"10":{"start":{"line":18,"column":8},"end":{"line":20,"column":9}},"11":{"start":{"line":19,"column":12},"end":{"line":19,"column":25}},"12":{"start":{"line":21,"column":8},"end":{"line":21,"column":30}},"13":{"start":{"line":25,"column":23},"end":{"line":25,"column":93}},"14":{"start":{"line":26,"column":8},"end":{"line":26,"column":30}},"15":{"start":{"line":30,"column":79},"end":{"line":30,"column":86}},"16":{"start":{"line":32,"column":23},"end":{"line":32,"column":241}},"17":{"start":{"line":33,"column":8},"end":{"line":33,"column":30}},"18":{"start":{"line":39,"column":0},"end":{"line":39,"column":22}}},"fnMap":{"0":{"name":"(anonymous_0)","decl":{"start":{"line":4,"column":4},"end":{"line":4,"column":5}},"loc":{"start":{"line":4,"column":22},"end":{"line":13,"column":5}},"line":4},"1":{"name":"(anonymous_1)","decl":{"start":{"line":15,"column":4},"end":{"line":15,"column":5}},"loc":{"start":{"line":15,"column":40},"end":{"line":22,"column":5}},"line":15},"2":{"name":"(anonymous_2)","decl":{"start":{"line":24,"column":4},"end":{"line":24,"column":5}},"loc":{"start":{"line":24,"column":46},"end":{"line":27,"column":5}},"line":24},"3":{"name":"(anonymous_3)","decl":{"start":{"line":29,"column":4},"end":{"line":29,"column":5}},"loc":{"start":{"line":29,"column":33},"end":{"line":34,"column":5}},"line":29}},"branchMap":{"0":{"loc":{"start":{"line":18,"column":8},"end":{"line":20,"column":9}},"type":"if","locations":[{"start":{"line":18,"column":8},"end":{"line":20,"column":9}},{"start":{},"end":{}}],"line":18}},"s":{"0":1,"1":0,"2":0,"3":0,"4":0,"5":0,"6":0,"7":0,"8":0,"9":0,"10":0,"11":0,"12":0,"13":0,"14":0,"15":0,"16":0,"17":0,"18":1},"f":{"0":0,"1":0,"2":0,"3":0},"b":{"0":[0,0]},"_coverageSchema":"1a1c01bbd47fc00a2c39e90264f33305004495a9","hash":"159c536533a9d0ef61e2c74e083b43c0dce5d1ac"}
,"/Users/juliaalencar/Documents/Documents/Code/lfa_lap_2/project-week-2/FlorinCouncil/routes/libraryRoute.js": {"path":"/Users/juliaalencar/Documents/Documents/Code/lfa_lap_2/project-week-2/FlorinCouncil/routes/libraryRoute.js","statementMap":{"0":{"start":{"line":1,"column":19},"end":{"line":1,"column":37}},"1":{"start":{"line":2,"column":26},"end":{"line":2,"column":72}},"2":{"start":{"line":3,"column":15},"end":{"line":3,"column":23}},"3":{"start":{"line":5,"column":0},"end":{"line":5,"column":41}},"4":{"start":{"line":8,"column":0},"end":{"line":8,"column":56}},"5":{"start":{"line":10,"column":0},"end":{"line":10,"column":48}},"6":{"start":{"line":13,"column":0},"end":{"line":13,"column":51}},"7":{"start":{"line":16,"column":0},"end":{"line":16,"column":52}},"8":{"start":{"line":19,"column":0},"end":{"line":19,"column":24}}},"fnMap":{},"branchMap":{},"s":{"0":1,"1":1,"2":1,"3":1,"4":1,"5":1,"6":1,"7":1,"8":1},"f":{},"b":{},"_coverageSchema":"1a1c01bbd47fc00a2c39e90264f33305004495a9","hash":"8e13d6e90e8bef48659e3aa7b487d5d78d230889"}
,"/Users/juliaalencar/Documents/Documents/Code/lfa_lap_2/project-week-2/FlorinCouncil/routes/usersRoute.js": {"path":"/Users/juliaalencar/Documents/Documents/Code/lfa_lap_2/project-week-2/FlorinCouncil/routes/usersRoute.js","statementMap":{"0":{"start":{"line":1,"column":19},"end":{"line":1,"column":37}},"1":{"start":{"line":2,"column":24},"end":{"line":2,"column":68}},"2":{"start":{"line":3,"column":15},"end":{"line":3,"column":23}},"3":{"start":{"line":6,"column":0},"end":{"line":6,"column":54}},"4":{"start":{"line":7,"column":0},"end":{"line":7,"column":48}},"5":{"start":{"line":8,"column":0},"end":{"line":8,"column":56}},"6":{"start":{"line":9,"column":0},"end":{"line":9,"column":55}},"7":{"start":{"line":10,"column":0},"end":{"line":10,"column":49}},"8":{"start":{"line":12,"column":0},"end":{"line":12,"column":24}}},"fnMap":{},"branchMap":{},"s":{"0":1,"1":1,"2":1,"3":1,"4":1,"5":1,"6":1,"7":1,"8":1},"f":{},"b":{},"_coverageSchema":"1a1c01bbd47fc00a2c39e90264f33305004495a9","hash":"ba4c74472672b4f2d128fb6c58ef9a938fba2050"}
}
